20240129	16:15:12	6059f88a-f493-4caf-bc13-4bb211d5dff9	GET	/	undefined
20240129	16:16:27	9bfbc8e9-831b-4cd0-baab-4340f4e29195	GET	/	undefined
20240129	16:29:14	47617cfa-3d8d-4057-b74d-fa48b070bc67	GET	/	undefined
20240129	19:53:22	3249e6ad-a76f-4df8-859c-420710778a03	GET	/	undefined
20240129	20:13:45	4669aa45-271f-49a4-a549-f0aac8313d50	GET	/	undefined
20240129	20:13:45	b259c31a-5de5-447d-8803-493a77312638	GET	/images/nex-init.jpeg	undefined
20240129	20:16:22	42f7c985-0b15-40f2-8672-66980c6b942a	GET	/	undefined
20240129	20:16:22	f93f99d5-aa5d-47e7-b716-7b2a05f9ae50	GET	/images/nex-init.png	undefined
20240129	20:18:12	76ef39b9-2c3b-4822-81b6-02901c060870	GET	/	undefined
20240129	20:18:12	9b7e0281-03bb-4224-90be-43b423426a09	GET	/images/nex-init.png	undefined
20240129	20:18:42	d28aeda5-d4c1-4291-9c69-20bda9d47d6c	GET	/demo.html	undefined
20240129	20:18:42	17127ab7-af09-4261-8f5f-fe5d2ac7ce4d	GET	/public/js/script.js	undefined
20240129	20:18:58	0a1e55ca-bc79-4397-a04b-b8e2de84f587	GET	/demo.html	undefined
20240129	20:18:58	235d67ce-1d3f-48ac-814f-ead0b00953c5	GET	/js/script.js	undefined
20240129	20:19:12	d5a1a0cf-58a4-4122-b3af-7916dc879660	GET	/404.html	undefined
20240129	20:19:12	4e792f21-fc48-442a-b50e-83c5537bc691	GET	/js/script.js	undefined
20240129	20:19:46	406ce08c-4c80-4406-81ac-264e561dfb72	GET	/	undefined
20240129	20:19:46	dfa3f13b-08f8-4fba-bbb2-59fba1688ed5	GET	/images/nex-init.png	undefined
20240129	20:19:48	bc3e80b3-0e02-48c1-a033-d868fe08c59c	GET	/	undefined
20240129	20:19:48	1161a849-1500-4d16-b96e-ff89f0aede7c	GET	/images/nex-init.png	undefined
20240129	20:20:07	b0e2ecf2-896c-4f00-b6d4-941618e791ce	GET	/	undefined
20240129	20:20:07	07fb0467-3a96-4c54-8127-884c11365aca	GET	/js/script.js	undefined
20240129	20:20:07	bceab4ce-9189-4824-9c03-c04526f0c543	GET	/css/style.css	undefined
20240129	20:20:07	e2345ade-8cbc-4fc1-a532-86348e05d90a	GET	/images/nex-init.png	undefined
20240129	20:20:10	d348b65e-78fb-411f-adcc-f29b6e2ef92a	GET	/css/style.css	undefined
