20240129	16:15:12	6059f88a-f493-4caf-bc13-4bb211d5dff9	GET	/	undefined
20240129	16:16:27	9bfbc8e9-831b-4cd0-baab-4340f4e29195	GET	/	undefined
20240129	16:29:14	47617cfa-3d8d-4057-b74d-fa48b070bc67	GET	/	undefined
20240129	19:53:22	3249e6ad-a76f-4df8-859c-420710778a03	GET	/	undefined
20240129	20:13:45	4669aa45-271f-49a4-a549-f0aac8313d50	GET	/	undefined
20240129	20:13:45	b259c31a-5de5-447d-8803-493a77312638	GET	/images/nex-init.jpeg	undefined
20240129	20:16:22	42f7c985-0b15-40f2-8672-66980c6b942a	GET	/	undefined
20240129	20:16:22	f93f99d5-aa5d-47e7-b716-7b2a05f9ae50	GET	/images/nex-init.png	undefined
20240129	20:18:12	76ef39b9-2c3b-4822-81b6-02901c060870	GET	/	undefined
20240129	20:18:12	9b7e0281-03bb-4224-90be-43b423426a09	GET	/images/nex-init.png	undefined
20240129	20:18:42	d28aeda5-d4c1-4291-9c69-20bda9d47d6c	GET	/demo.html	undefined
20240129	20:18:42	17127ab7-af09-4261-8f5f-fe5d2ac7ce4d	GET	/public/js/script.js	undefined
20240129	20:18:58	0a1e55ca-bc79-4397-a04b-b8e2de84f587	GET	/demo.html	undefined
20240129	20:18:58	235d67ce-1d3f-48ac-814f-ead0b00953c5	GET	/js/script.js	undefined
20240129	20:19:12	d5a1a0cf-58a4-4122-b3af-7916dc879660	GET	/404.html	undefined
20240129	20:19:12	4e792f21-fc48-442a-b50e-83c5537bc691	GET	/js/script.js	undefined
20240129	20:19:46	406ce08c-4c80-4406-81ac-264e561dfb72	GET	/	undefined
20240129	20:19:46	dfa3f13b-08f8-4fba-bbb2-59fba1688ed5	GET	/images/nex-init.png	undefined
20240129	20:19:48	bc3e80b3-0e02-48c1-a033-d868fe08c59c	GET	/	undefined
20240129	20:19:48	1161a849-1500-4d16-b96e-ff89f0aede7c	GET	/images/nex-init.png	undefined
20240129	20:20:07	b0e2ecf2-896c-4f00-b6d4-941618e791ce	GET	/	undefined
20240129	20:20:07	07fb0467-3a96-4c54-8127-884c11365aca	GET	/js/script.js	undefined
20240129	20:20:07	bceab4ce-9189-4824-9c03-c04526f0c543	GET	/css/style.css	undefined
20240129	20:20:07	e2345ade-8cbc-4fc1-a532-86348e05d90a	GET	/images/nex-init.png	undefined
20240129	20:20:10	d348b65e-78fb-411f-adcc-f29b6e2ef92a	GET	/css/style.css	undefined
20240203	16:24:09	cbd39c55-70ba-4b2d-91ba-0b82cd988156	GET	/	undefined
20240203	16:24:09	50a0f960-8b4b-409d-9ba3-dbee854f2139	GET	/js/script.js	undefined
20240203	16:24:09	98b39f40-bf47-426f-9e9c-d89b8d7f22b2	GET	/css/style.css	undefined
20240203	16:24:09	87af776b-0329-4017-82fb-9ca3dc58df2c	GET	/images/nex-init.png	undefined
20240203	16:24:13	ee7945b1-5140-4f68-8d5b-6c0f8977e21b	GET	/	undefined
20240203	16:24:13	c54f2b4b-14f0-4097-a33d-51c931e7b02c	GET	/js/script.js	undefined
20240203	16:24:13	5478f072-88db-4cf2-adc3-a1ad13c8d771	GET	/css/style.css	undefined
20240203	16:24:13	c515c621-8738-40b7-a26d-44f5da6db698	GET	/images/nex-init.png	undefined
20240203	16:54:07	859fa4d7-2180-4a16-9da9-0fffa7883ee2	GET	/	undefined
20240203	16:54:07	e3a969ad-e1ce-4a0d-8ec7-c8e97877a9cc	GET	/js/script.js	undefined
20240203	16:54:07	6afe398a-f0ad-40a9-8dd2-42dfc8a457c3	GET	/css/style.css	undefined
20240203	16:54:07	4c06db05-32f2-4ec1-9f4e-d6c7c9ae9aab	GET	/images/nex-init.png	undefined
20240203	16:54:32	6a5c85e9-6614-4893-924f-e27a657e36c0	GET	/	undefined
20240203	16:54:33	e5b68009-6cbd-48ff-af8c-b9da9966b795	GET	/js/script.js	undefined
20240203	16:54:33	a5db46d2-65c0-403f-81b2-6924481b0469	GET	/css/style.css	undefined
20240203	16:54:33	d8584cff-4e4d-49a4-b3a5-bfa05d4d5e84	GET	/images/nex-init.png	undefined
20240203	16:55:14	555e358a-bdf1-4883-8e92-04c3857e462f	GET	/	undefined
20240203	16:55:14	d43b5a6a-506f-4826-aa86-f07920110886	GET	/js/script.js	undefined
20240203	16:55:14	3602362f-a598-4d79-b986-531d9c7be3db	GET	/css/style.css	undefined
20240203	16:55:14	d77ff4b8-360f-4b50-9d8d-d31e518c0f1d	GET	/images/nex-init.png	undefined
20240203	16:55:37	ab892e9e-f656-4d5d-84da-f3a174eccf28	GET	/	undefined
20240203	16:55:37	607b1b25-8510-476f-9015-453e3ac319c4	GET	/js/script.js	undefined
20240203	16:55:37	e5618538-9b0b-4cb3-9e40-78152a384774	GET	/css/style.css	undefined
20240203	16:55:37	222b0511-5b23-4122-815e-92520feb0f7a	GET	/images/nex-init.png	undefined
20240203	16:55:39	8c72f56e-c4f9-477c-89ef-be7ee67e1620	GET	/	undefined
20240203	16:55:39	f4764466-ac17-418a-a11e-455d520d3222	GET	/js/script.js	undefined
20240203	16:55:39	3206fd1f-d3d3-405e-8498-6d15cd1a5756	GET	/css/style.css	undefined
20240203	16:55:39	14384300-272f-4550-9b3b-13ef35c952d9	GET	/images/nex-init.png	undefined
20240203	16:56:24	2122187d-387a-470b-a83b-2f3c2ed08c8a	GET	/	undefined
20240203	16:56:24	c6a3879c-0043-4e80-8217-f9704deb8b2b	GET	/js/script.js	undefined
20240203	16:56:24	24674113-cd0e-4a5c-822f-81ebfed8f2a7	GET	/css/style.css	undefined
20240203	16:56:24	c8816688-fae2-4258-bd99-26a6461565b7	GET	/images/nex-init.png	undefined
20240203	16:56:48	8818a94e-4f0e-4def-a9d5-267259769695	GET	/	undefined
20240203	16:56:48	fe762239-2c7f-424e-9e29-e4e490b6eba3	GET	/js/script.js	undefined
20240203	16:56:48	d63b501e-0f1c-4930-ba50-5d91c2ad440c	GET	/css/style.css	undefined
20240203	16:56:48	22c15b6e-2c3a-4829-9ccb-9dece474d6db	GET	/images/nex-init.png	undefined
20240203	16:57:19	a5bbf781-0d9a-438b-8e09-19aab383185d	GET	/	undefined
20240203	16:57:19	a3a2953d-700e-4249-8ad2-c9f87b9771b3	GET	/js/script.js	undefined
20240203	16:57:19	478096db-c0c2-48b2-be9e-2a75a1d481cd	GET	/css/style.css	undefined
20240203	16:57:19	59bebd0c-bc5d-4cec-bc6d-a7df359db8de	GET	/images/nex-init.png	undefined
20240203	16:57:20	62560f73-e72f-4e28-9631-d284d5c5c033	GET	/	undefined
20240203	16:57:20	b8854b4a-df88-4efd-aef9-49b4fd16cd27	GET	/js/script.js	undefined
20240203	16:57:20	17a9d65e-f569-4782-bcd7-7e5ee4d5d130	GET	/css/style.css	undefined
20240203	16:57:20	90f7a0ca-0dd3-4785-bcb1-27c88320709e	GET	/images/nex-init.png	undefined
20240203	16:57:30	fb10db92-fb9f-4879-87b2-d52203528ad6	GET	/	undefined
20240203	16:57:30	71443bff-0ae7-4a6b-b1e7-20ae7c16991b	GET	/js/script.js	undefined
20240203	16:57:30	cb9327ab-5ccc-45ea-9d9a-8809bc27d4da	GET	/css/style.css	undefined
20240203	16:57:30	dc2dd311-abee-4010-96b2-d41551b04d05	GET	/images/nex-init.png	undefined
20240203	16:57:45	28f9bfd3-ec8a-4f87-b882-120532aeb1ff	GET	/	undefined
20240203	16:57:45	223fe208-0df0-47f0-8598-f42bc1d37b31	GET	/js/script.js	undefined
20240203	16:57:45	9cee75c8-7b96-4356-9de7-46f780894946	GET	/css/style.css	undefined
20240203	16:57:45	d7b72068-cffc-430a-a394-5a041ed4abd8	GET	/images/nex-init.png	undefined
20240203	16:58:09	873ed7af-0c19-488e-a3fb-686aa62de1bc	GET	/	undefined
20240203	16:58:09	7d16f76b-cccf-4721-bff2-4b66536688e0	GET	/js/script.js	undefined
20240203	16:58:09	7bd9ada7-0801-4733-96c5-b0abb00ad1b2	GET	/css/style.css	undefined
20240203	16:58:09	a878152b-a760-4b4f-96fa-ab2d6a00485e	GET	/images/nex-init.png	undefined
20240203	16:59:16	ba7312a0-5484-4a87-b366-120849c3f7c2	GET	/	undefined
20240203	16:59:16	eb6ff7a3-f784-43d3-8b06-d1e65d987f93	GET	/js/script.js	undefined
20240203	16:59:16	974ddb64-5dd0-4cf7-bda2-bc1a79be9fe6	GET	/css/style.css	undefined
20240203	16:59:16	ccda26f6-6987-4b75-8f9d-e62225c9ba37	GET	/images/nex-init.png	undefined
20240203	16:59:16	902f30e3-7fa4-488e-9ec7-23e81e962a04	GET	/images/nex-init.png	undefined
20240203	16:59:42	2ca5c4e4-ecee-4304-a2d6-f66449ce4bd1	GET	/	undefined
20240203	16:59:42	18a92c5a-6473-4dde-be38-f46ccc4381fc	GET	/js/script.js	undefined
20240203	16:59:42	fa946b94-f706-45ca-86e2-f91eafb50aa2	GET	/css/style.css	undefined
20240203	16:59:42	ecdd8232-633d-4ef5-b3b9-dbc507dbb30d	GET	/images/nex-init.png	undefined
20240203	16:59:42	95d974e9-4e17-43b5-87aa-7bfbcf52ae1d	GET	/images/nex-init.png	undefined
20240203	16:59:53	779514af-97a5-4153-a007-8d9a6d1e1d2e	GET	/	undefined
20240203	16:59:53	b5a524ac-b845-4d53-bf34-a0e38d6660da	GET	/js/script.js	undefined
20240203	16:59:53	e8dd9f95-31cd-4c36-9549-688d2a7dcec8	GET	/css/style.css	undefined
20240203	16:59:53	bb4804fd-10a3-478e-b5ea-30ac528da58b	GET	/images/nex-init.png	undefined
20240203	16:59:53	3c19c417-26b8-406d-ab7b-9321813ac315	GET	/images/nex-init.png	undefined
20240203	17:00:01	87fd8d52-9cd6-4448-9d25-17af7b4ad6be	GET	/	undefined
20240203	17:00:01	2ae90d5b-489a-4310-a4d6-b313fa5d4d41	GET	/js/script.js	undefined
20240203	17:00:01	f7c91044-f14e-4472-a568-737b83bc28b5	GET	/css/style.css	undefined
20240203	17:00:01	323a278a-3aac-4195-b5d4-7e287f075236	GET	/images/nex-init.png	undefined
20240203	17:00:01	86b29ccd-3479-4dda-b92d-0fe6796a2d83	GET	/images/nex-init.png	undefined
20240203	17:00:04	cede4a76-ccfa-4437-88bd-16ec4082b738	GET	/	undefined
20240203	17:00:04	9eed75b0-7953-41ff-9aa0-af19e5b61fae	GET	/js/script.js	undefined
20240203	17:00:04	1fcc8446-eff3-4ce2-882b-8b7d25f8614d	GET	/css/style.css	undefined
20240203	17:00:04	df33c4c1-b8e8-42c1-afbf-aeabf710f907	GET	/images/nex-init.png	undefined
20240203	17:00:10	e21603ff-ba26-4995-a6dc-7219e3b026ff	GET	/	undefined
20240203	17:00:11	d82a51c6-9a75-4f62-8e13-9d37131c5b28	GET	/js/script.js	undefined
20240203	17:00:11	84e40645-cc10-4a4d-975e-9bcfdf951d2d	GET	/css/style.css	undefined
20240203	17:00:11	54f729f6-454d-4e0e-98fd-ecdbeb31d694	GET	/images/nex-init.png	undefined
20240203	17:00:11	1347f50f-9e5c-4685-bec9-af7312591082	GET	/images/nex-init.png	undefined
20240203	17:00:18	68944a17-ff41-43be-95f6-091b04f9934c	GET	/	undefined
20240203	17:00:18	2d4e76e1-c7e7-4a5c-bb09-13d31a62cf01	GET	/js/script.js	undefined
20240203	17:00:18	71f98cb5-e9bc-45e2-b714-805f994e9fe1	GET	/css/style.css	undefined
20240203	17:00:18	5c837f2f-b131-4c11-835e-a38951fbe80a	GET	/images/nex-init.png	undefined
20240203	17:00:18	e01b992c-1b97-4b46-9a89-ecd3e15e9eaf	GET	/images/nex-init.png	undefined
20240203	17:00:29	4365c6cf-b049-468c-8ebe-eb11ebc8976c	GET	/	undefined
20240203	17:00:29	f79f97f7-c1f8-4a60-8352-5ee37ca8091d	GET	/js/script.js	undefined
20240203	17:00:29	d4c7251a-7b27-401f-a9e1-07ce7925e969	GET	/css/style.css	undefined
20240203	17:00:29	7040a9e7-f9ec-4f50-b144-77a36b6dc385	GET	/images/nex-init.png	undefined
20240203	17:00:30	941c60e1-0f4d-498e-a9da-d6367ebec704	GET	/images/nex-init.png	undefined
20240203	17:00:43	7ef56b69-a21b-46fe-8ca2-7e3a45db9fff	GET	/	undefined
20240203	17:00:43	600c78ee-5aae-4e90-9d92-56bd80aa409c	GET	/js/script.js	undefined
20240203	17:00:43	db2bfcaa-9150-41f2-af4f-3c5bc8b0b5f3	GET	/css/style.css	undefined
20240203	17:00:43	f8bbbc97-4460-4c95-a6f0-ace416c214e5	GET	/images/nex-init.png	undefined
20240203	17:00:43	542ff889-a4c4-4bcf-8d4d-0f56c71ef546	GET	/images/nex-init.png	undefined
20240203	17:00:49	dd7898fe-a0d3-4db6-8b8f-393f73eb462e	GET	/	undefined
20240203	17:00:49	f83c81c2-ab6d-41b5-bf36-80393023a293	GET	/js/script.js	undefined
20240203	17:00:49	2b6dbfca-6eb2-4b36-99b2-a24b16773eaf	GET	/css/style.css	undefined
20240203	17:00:49	cf529862-d242-4c9a-97d8-364fa346357c	GET	/images/nex-init.png	undefined
20240203	17:00:49	fab9302f-1a3e-498e-99ac-fb5214bbb258	GET	/images/nex-init.png	undefined
20240203	17:01:05	b851d9c2-74a7-4e7e-9771-5d5d7f2ec458	GET	/	undefined
20240203	17:01:05	4a4acaaf-b9b8-4ed2-9607-f561b42dae1f	GET	/js/script.js	undefined
20240203	17:01:05	f2d22534-265f-4044-b232-e47ec83395c4	GET	/css/style.css	undefined
20240203	17:01:05	a9159afe-6559-4b73-9d1d-3b4d1a290e2c	GET	/images/nex-init.png	undefined
20240203	17:01:05	97b75435-99f9-4255-b473-a5a37f75f566	GET	/images/nex-init.png	undefined
20240203	17:01:12	cf6b830f-e418-463a-8683-a1126df2afb8	GET	/	undefined
20240203	17:01:12	9c26d58e-0848-4882-bf38-eebfc39ab5ee	GET	/js/script.js	undefined
20240203	17:01:12	5803cd2d-6326-4473-82e8-e3889ef625c0	GET	/css/style.css	undefined
20240203	17:01:12	115cda07-0aa1-4c77-8b47-1af4c9c4c624	GET	/images/nex-init.png	undefined
20240203	17:01:12	f990975c-e38e-4711-82e8-026315b482ad	GET	/images/nex-init.png	undefined
20240203	17:01:31	026b5cc7-dfb7-4616-9357-0d79daa387a1	GET	/	undefined
20240203	17:01:31	77851fb6-a1c1-40a0-a41d-2092c06dc1f8	GET	/js/script.js	undefined
20240203	17:01:31	c0bc896f-e32d-48a7-b932-17121d7e0f57	GET	/css/style.css	undefined
20240203	17:01:31	731f41e5-f313-4b77-b52a-17a23c43c706	GET	/images/nex-init.png	undefined
20240203	17:01:31	780a8c9e-980a-42a4-a3a4-1429e977a398	GET	/images/nex-init.png	undefined
20240203	17:02:18	db640771-0592-46c0-a748-c815d10ee8f5	GET	/	undefined
20240203	17:02:18	3c121271-63e2-4a86-a804-0c599fd0f6a5	GET	/js/script.js	undefined
20240203	17:02:18	a681e571-daf7-48f9-a171-6105d35ba7e3	GET	/css/style.css	undefined
20240203	17:02:18	9bbb4b86-9671-4594-80ae-ccdd9d45ec6b	GET	/images/nex-init.png	undefined
20240203	17:02:18	4d1fd0ea-6d1a-40ea-8359-288c9ddfaf08	GET	/images/nex-init.png	undefined
20240203	17:02:21	9be067dd-7212-495c-b081-223e4872aa6d	GET	/	undefined
20240203	17:02:21	8655821e-c700-43d6-87ab-2dfa5a8c2c27	GET	/js/script.js	undefined
20240203	17:02:21	fd05397f-b7f0-41fe-8434-c0d3b8c6babf	GET	/css/style.css	undefined
20240203	17:02:21	76f570ff-1b69-4449-9dff-f63506821eb9	GET	/images/nex-init.png	undefined
20240203	17:03:57	d67099ad-d66c-4e04-8c22-5380cb157a15	GET	/	undefined
20240203	17:03:57	9e59d2e4-8937-4ce8-bfb9-fa7c9ad87208	GET	/js/script.js	undefined
20240203	17:03:57	665ddc22-67bd-44e6-b8c3-224ea3261f52	GET	/css/style.css	undefined
20240203	17:03:57	818c2c1b-886e-4580-8dca-e87cd4d37dde	GET	/images/nex-init.png	undefined
20240203	17:03:57	6c126135-619e-4e3a-a08b-deac88eee1ce	GET	/images/nex-init.png	undefined
20240203	17:04:02	5ef38904-02da-4213-8c6a-4e90bf280e87	GET	/	undefined
20240203	17:04:02	8d140b1e-75d1-48fa-883a-2b9f5b705410	GET	/js/script.js	undefined
20240203	17:04:02	8dda85ca-fabc-49a2-9f38-6cc271cb3819	GET	/css/style.css	undefined
20240203	17:04:02	173c027c-2739-49e6-a78e-7cadc85cf486	GET	/images/nex-init.png	undefined
20240203	17:04:03	86a6330e-7a89-4139-a230-56a68e0b8833	GET	/	undefined
20240203	17:04:03	52e8f105-491d-4568-a513-44387ae02d5e	GET	/js/script.js	undefined
20240203	17:04:03	e9cc5461-05d5-492a-b2d6-40a411ea8298	GET	/css/style.css	undefined
20240203	17:04:03	0fa2319b-18ee-4c38-9cf0-f3660c484dc8	GET	/images/nex-init.png	undefined
20240203	17:04:03	68e9a737-ca8e-4ca9-bfbd-8e8c9d77cdc5	GET	/	undefined
20240203	17:04:03	02cf7f1c-abc8-47e5-832e-e23d99f03647	GET	/js/script.js	undefined
20240203	17:04:03	4d993903-484c-4994-b58f-18033d6c4890	GET	/css/style.css	undefined
20240203	17:04:04	15df932a-8a4e-4dba-9afd-0cc7beeeba02	GET	/images/nex-init.png	undefined
20240203	17:04:04	c8a6a9be-c0ef-400c-9e0a-13c3e6df690f	GET	/	undefined
20240203	17:04:04	4776cae2-3767-4377-bd14-23cfd1f32494	GET	/js/script.js	undefined
20240203	17:04:04	186a6d92-5b94-4982-87bf-d63920da396e	GET	/css/style.css	undefined
20240203	17:04:04	20965c8e-6a69-4332-b7f5-ed92f67c50d9	GET	/images/nex-init.png	undefined
20240203	17:04:20	dc5e00c3-6186-4012-8acb-dbefb276544c	GET	/	undefined
20240203	17:04:20	3a0fafcf-a3eb-40e1-841f-40b7775aa978	GET	/js/script.js	undefined
20240203	17:04:20	d1666386-6877-4e08-ad3c-801a4c7b1012	GET	/css/style.css	undefined
20240203	17:04:20	11e843d0-3a1a-4318-b70f-5b1cefab86ff	GET	/images/nex-init.png	undefined
20240203	17:04:20	c081f4a2-6cdf-4e34-afec-aee75576fd03	GET	/images/nex-init.png	undefined
20240203	17:04:26	ab895a62-3af6-4fc8-8eb9-4bc3878ac38f	GET	/	undefined
20240203	17:04:26	0fe2be19-0068-4ab9-9731-b8dfd6c97369	GET	/js/script.js	undefined
20240203	17:04:26	0d906498-f31e-4f19-889a-9e013fc72adc	GET	/css/style.css	undefined
20240203	17:04:26	7f092cbf-f9a3-49ef-9d9e-b4e8357ac05e	GET	/images/nex-init.png	undefined
20240203	17:04:26	e0e1fe43-45db-4b09-86e7-b7f8b57a7ce8	GET	/images/nex-init.png	undefined
20240203	17:04:36	8a10b029-044d-473e-89f2-acbe2faa04d7	GET	/	undefined
20240203	17:04:36	6ae51277-5a42-43d7-a168-e4dda3dac856	GET	/js/script.js	undefined
20240203	17:04:36	43fcb47c-3a2b-41c0-8888-3ba9f81379ea	GET	/css/style.css	undefined
20240203	17:04:36	f71ebf74-6668-49b3-b052-59477eef8ae6	GET	/images/nex-init.png	undefined
20240203	17:04:36	f9e1fa8a-a67a-4b23-8b25-803d317a996a	GET	/images/nex-init.png	undefined
20240203	17:04:42	1de7982c-277c-4b10-aa74-e2bcb708b058	GET	/	undefined
20240203	17:04:42	270a3d2e-ba50-421f-b1bd-f5c179e0c84d	GET	/js/script.js	undefined
20240203	17:04:42	362a6e31-ba0b-4ea7-8ad5-60ace0024c76	GET	/css/style.css	undefined
20240203	17:04:42	323b215c-f15d-406e-9955-999010d57053	GET	/images/nex-init.png	undefined
20240203	17:04:42	14fbcc92-054b-41a2-983d-ff77f62c6d03	GET	/images/nex-init.png	undefined
20240203	17:08:22	0c7136e1-0ea2-4677-b62c-9a09d4371277	GET	/	undefined
20240203	17:08:22	7d72a841-ff06-48d9-9a5d-556eef27e897	GET	/js/script.js	undefined
20240203	17:08:22	3f48d4c3-4cc0-46a9-a3ee-362fe0429f16	GET	/css/style.css	undefined
20240203	17:08:22	18495d93-e2de-46d5-9c97-d518a667ff2b	GET	/images/nex-init.png	undefined
20240203	17:08:22	effe609c-9330-4b84-91a1-70101b55aa18	GET	/images/nex-init.png	undefined
20240203	17:09:40	7e3cec19-f831-446e-8ffc-14098cddfdb7	GET	/	undefined
20240203	17:09:40	4c685779-c2b5-48fc-90e8-2b2cde25849d	GET	/js/script.js	undefined
20240203	17:09:40	736189ad-f366-495c-b04c-602ec3aa8eb9	GET	/css/style.css	undefined
20240203	17:09:40	a3e5a3c7-a7f5-4cb3-a089-7c5c3785390d	GET	/images/nex-init.png	undefined
20240203	17:09:40	e390aca5-2533-43c0-a2c7-7931af2197d9	GET	/images/nex-init.png	undefined
20240203	17:10:36	9c80ccb5-7146-4c81-bbd4-038da8022fc2	GET	/	undefined
20240203	17:10:36	1a83a772-66e9-49ec-a1dd-94fde9a1894c	GET	/js/script.js	undefined
20240203	17:10:36	161d0331-dd21-47a1-9ebc-725cda4a62e5	GET	/css/style.css	undefined
20240203	17:10:36	4cdea54e-cb06-4140-8d7c-ef9c301c905a	GET	/images/nex-init.png	undefined
20240203	17:10:36	aba595ba-a65d-4b30-8b9e-6e37459dd63a	GET	/images/nex-init.png	undefined
20240203	17:10:58	786a32c7-2c65-4c2f-aa47-479e1d39feea	GET	/	undefined
20240203	17:10:58	13872be5-8b9c-4938-90cb-596536f0ccd7	GET	/js/script.js	undefined
20240203	17:10:58	a0a2ec7c-d967-480d-9dfd-e5a83efdf83f	GET	/css/style.css	undefined
20240203	17:10:58	f2850cd1-0636-443a-b76a-ba52590e91a9	GET	/images/nex-init.png	undefined
20240203	17:10:58	e857b4a3-ae22-43b6-afc5-3ae5ea3c1232	GET	/images/nex-init.png	undefined
20240203	17:11:15	a8411183-be7d-48ea-bc6d-bd2222de42fe	GET	/	undefined
20240203	17:11:15	a3b12e5d-2d56-48a6-b58d-5292d0b8fede	GET	/js/script.js	undefined
20240203	17:11:15	51658181-331f-4bbb-9dd9-03ac9f196ddf	GET	/css/style.css	undefined
20240203	17:11:15	492231f7-3ef3-4eda-8eaa-d7edff1d9f06	GET	/images/nex-init.png	undefined
20240203	17:11:15	6c59da88-6824-42db-8108-9c4b60f0a63c	GET	/images/nex-init.png	undefined
20240203	17:11:33	aaa8fbc2-5864-4468-9a8a-2509750116bd	GET	/	undefined
20240203	17:11:34	71d2f904-e345-4b28-bffc-349e9b9d04e9	GET	/js/script.js	undefined
20240203	17:11:34	dd32270d-01bb-4ca7-876b-1bdb52a44d6e	GET	/css/style.css	undefined
20240203	17:11:34	678308a0-52c3-4c58-b32e-4ee7855b6769	GET	/images/nex-init.png	undefined
20240203	17:11:34	3286079a-defb-4f11-b72d-964539361d46	GET	/images/nex-init.png	undefined
20240203	17:11:41	f703957a-6b6d-4105-a9e5-2d7a9139240d	GET	/css/style.css	undefined
20240203	17:12:32	20e81d51-d052-4cac-ac80-ed28425192d0	GET	/	undefined
20240203	17:12:32	0833decc-6523-4342-b0c2-ac259b88b198	GET	/js/script.js	undefined
20240203	17:12:32	e076d321-7b61-4a90-9ad3-be3f67e5cc71	GET	/css/style.css	undefined
20240203	17:12:32	fbd97838-ea96-407f-90dd-fbad8d2d7ad1	GET	/images/nex-init.png	undefined
20240203	17:12:32	b343ffe9-7c1b-46cc-9c1a-4aece45a3eba	GET	/images/nex-init.png	undefined
20240203	17:12:46	29b3ea51-d34d-4f55-8cd1-7a2124398386	GET	/	undefined
20240203	17:12:46	a50f6e73-d512-412a-9521-49710c42d432	GET	/js/script.js	undefined
20240203	17:12:46	bf27f721-3258-458b-9410-29ff4b8bd837	GET	/css/style.css	undefined
20240203	17:12:46	d6f18f1a-88b8-4b6a-b202-7141036018f1	GET	/images/nex-init.png	undefined
20240203	17:12:46	6cbf6c96-17e0-46b6-aceb-8f0c526393ac	GET	/images/nex-init.png	undefined
20240203	17:13:06	7b8793d7-8159-4a1a-b66e-31b9e72c9bb5	GET	/	undefined
20240203	17:13:06	e31ca0b3-7762-4554-bcab-ba571054f327	GET	/js/script.js	undefined
20240203	17:13:06	f0a13461-19d2-4aff-a013-7721e630176a	GET	/css/style.css	undefined
20240203	17:13:06	c4ac7f42-420c-4d4a-a1fe-8d021fc68cb0	GET	/images/nex-init.png	undefined
20240203	17:13:06	b72cbf11-5c0b-4336-b26a-d203e7cd54a9	GET	/images/nex-init.png	undefined
20240203	17:13:17	d097468a-0c6f-4e0a-b105-d4e993153a33	GET	/	undefined
20240203	17:13:18	12363131-6ad3-4ccc-bb1b-c2d9af86419d	GET	/js/script.js	undefined
20240203	17:13:18	8f4416a9-5187-4def-89ed-0032b332edbb	GET	/css/style.css	undefined
20240203	17:13:18	a163104b-069a-40ba-a40c-06c204d2b53a	GET	/images/nex-init.png	undefined
20240203	17:13:18	17fa17bf-9c39-4bd2-9770-52edd0b8226f	GET	/images/nex-init.png	undefined
20240203	17:13:27	4b60d4d6-0301-4f03-894c-aa97d3d246c0	GET	/	undefined
20240203	17:13:27	ee08eddb-6da2-4838-aa73-1f33ef918d74	GET	/js/script.js	undefined
20240203	17:13:27	8b51ce5f-1052-4c51-9c2e-ed614f3b9db2	GET	/css/style.css	undefined
20240203	17:13:27	136f631d-0702-4357-983a-05fab55c676e	GET	/images/nex-init.png	undefined
20240203	17:13:27	351ece31-2047-4a66-b934-c847fbe98607	GET	/images/nex-init.png	undefined
20240203	17:13:35	a9a447f6-2a80-431b-978e-4669d17d6c48	GET	/	undefined
20240203	17:13:35	87750e15-5f37-465e-835d-e7e72f257026	GET	/js/script.js	undefined
20240203	17:13:35	3d246205-7b7c-4000-8f4c-5d9ffb9b2687	GET	/css/style.css	undefined
20240203	17:13:35	144a2bc7-4268-438a-8030-ee385e962906	GET	/images/nex-init.png	undefined
20240203	17:13:35	5e33492e-c2e8-4b1c-b61e-4cba31519418	GET	/images/nex-init.png	undefined
20240203	17:13:57	8f6876f5-7387-4159-b7b5-afac8c3dbbc4	GET	/	undefined
20240203	17:13:57	171876c6-f354-4d08-b953-844962fec3ec	GET	/js/script.js	undefined
20240203	17:13:57	8f0b8668-9521-4840-97db-b482175cd831	GET	/css/style.css	undefined
20240203	17:13:58	6917cf78-4cb1-4d42-a408-85cc3feb7a4d	GET	/images/nex-init.png	undefined
20240203	17:13:58	dc45d117-f5b9-4b25-afc9-316cddcce0df	GET	/images/nex-init.png	undefined
20240203	17:14:23	9d455d2c-89c8-4de1-82c7-0ea8d3da1097	GET	/	undefined
20240203	17:14:23	f3a647e3-641b-43b1-8bf5-02f67e663983	GET	/js/script.js	undefined
20240203	17:14:23	bedc7411-b56a-4002-b29e-c895bcbc739a	GET	/css/style.css	undefined
20240203	17:14:23	342081dd-ab60-459d-8482-e363d5fdebe3	GET	/images/nex-init.png	undefined
20240203	17:14:24	34827da2-1f33-43a0-913c-1fec48805f67	GET	/images/nex-init.png	undefined
20240203	17:14:39	d47f4865-4469-4bd4-b5dd-85708f9d3b7c	GET	/	undefined
20240203	17:14:39	7d8446ca-17dc-4187-bbf1-76650b8a7d45	GET	/js/script.js	undefined
20240203	17:14:39	fd5330fe-9ab2-45a1-b4c6-c5636ae6941f	GET	/css/style.css	undefined
20240203	17:14:39	d947cede-a5d4-4421-9306-77406642e1ce	GET	/images/nex-init.png	undefined
20240203	17:14:39	a99a6303-a642-4a3d-bea7-03ed0a0741d7	GET	/images/nex-init.png	undefined
20240203	17:14:53	3ce6fce8-1b57-42a3-ab6f-b3d31f30cdf9	GET	/	undefined
20240203	17:14:53	9572658c-af26-4253-b912-fa118796d499	GET	/js/script.js	undefined
20240203	17:14:53	697d9bcf-6fbd-41c6-a995-016580837ab6	GET	/css/style.css	undefined
20240203	17:14:53	f6ea0fff-3015-4bb8-ac57-878eeda0cf76	GET	/images/nex-init.png	undefined
20240203	17:14:53	7c409eb4-dd3c-4982-ad15-8caa3af3eab3	GET	/images/nex-init.png	undefined
20240203	17:16:21	f6fe72a7-09ee-494c-b18c-cf50981d7b1a	GET	/	undefined
20240203	17:16:21	46b84861-4f24-4d85-abd6-e84035833fc5	GET	/js/script.js	undefined
20240203	17:16:21	b132aba5-03d4-4a00-965e-caf226a511cc	GET	/css/style.css	undefined
20240203	17:16:21	2accfb18-e4fd-4347-9b58-365e0f57610e	GET	/images/nex-init.png	undefined
20240203	17:16:22	4ad242c9-0cca-4c41-b7ed-4d250e15c749	GET	/images/nex-init.png	undefined
20240203	17:16:41	169b2daa-fcd4-4e5f-aa6e-a6831300c784	GET	/	undefined
20240203	17:16:41	2a51ddad-cfdf-4775-a5ab-394a77019461	GET	/js/script.js	undefined
20240203	17:16:41	bd6edf34-8a73-4d71-9208-a19d41b45c6d	GET	/css/style.css	undefined
20240203	17:16:41	627b236f-fd7b-4098-bb17-80ddcf483a68	GET	/images/nex-init.png	undefined
20240203	17:16:41	8c6dfe0e-cb2b-4d24-932d-f4b36c91b3e0	GET	/images/nex-init.png	undefined
20240203	17:17:08	199eca21-a590-424d-9a89-65330e3f73b9	GET	/	undefined
20240203	17:17:08	d37e0935-164e-4aff-9409-e876a75960ce	GET	/js/script.js	undefined
20240203	17:17:08	2f5cb474-d518-40aa-9007-6a3fe379c460	GET	/css/style.css	undefined
20240203	17:17:09	fb5d5d9f-42c5-421b-8c53-4c42dd6e3205	GET	/images/nex-init.png	undefined
20240203	17:17:09	28c4dbdb-744c-4bd9-b8c3-d81ac3fa97ca	GET	/images/nex-init.png	undefined
20240203	17:17:12	3f099201-84d9-4d60-ac61-3f20624eadd4	GET	/	undefined
20240203	17:17:12	6664a66d-f87a-4e9b-8c46-6aae5681e67c	GET	/js/script.js	undefined
20240203	17:17:12	76a1c8c5-97d4-4743-b2ad-80ffcf960b6e	GET	/css/style.css	undefined
20240203	17:17:12	fb7e633d-3b63-49bf-a6ec-55aa6c87b235	GET	/images/nex-init.png	undefined
20240203	17:17:20	7e9b4d5d-7d51-465b-8b05-01d99d492896	GET	/	undefined
20240203	17:17:20	88601109-9c85-4e08-9e1b-89b3270010c6	GET	/js/script.js	undefined
20240203	17:17:20	dc520ef2-3601-462a-8b9b-d5d690f8380d	GET	/css/style.css	undefined
20240203	17:17:20	fc1ae397-229c-4de0-8243-dc9656c42e03	GET	/images/nex-init.png	undefined
20240203	17:17:20	8c2dcfdd-d4c9-4ad1-9085-dfab17033c6b	GET	/images/nex-init.png	undefined
20240203	17:17:36	1e7b9d51-bfa0-4afd-a207-70b439d2bc8f	GET	/	undefined
20240203	17:17:36	8c847bf6-a096-4810-bc53-4c0f04b18512	GET	/js/script.js	undefined
20240203	17:17:36	02d96bcb-e983-446e-85e7-4b185fb34903	GET	/css/style.css	undefined
20240203	17:17:36	b0529eaa-420e-4265-ad5f-a23170daabb5	GET	/images/nex-init.png	undefined
20240203	17:17:36	54dd4dba-a163-4e25-963f-34d75b50abf7	GET	/images/nex-init.png	undefined
20240203	17:17:56	a7a93849-f595-438e-b148-eb15b4b81b5e	GET	/	undefined
20240203	17:17:56	4a3c5a51-7be5-4dff-bb06-f2a19269805a	GET	/js/script.js	undefined
20240203	17:17:56	75343a46-ba04-43dc-9549-25987a088cb4	GET	/css/style.css	undefined
20240203	17:17:56	39cc42f0-7a53-4ef7-85f6-a8ff48938bbc	GET	/images/nex-init.png	undefined
20240203	17:17:56	eb33f395-05ee-42a5-bbf0-8a94540a567c	GET	/images/nex-init.png	undefined
20240203	17:17:58	424626b7-7fe7-4aab-8d9d-27341c281db0	GET	/	undefined
20240203	17:17:58	8bea6e3c-ea01-4fba-95a5-611745adcaa2	GET	/js/script.js	undefined
20240203	17:17:58	2dfb70df-4095-4ab4-ba0c-bf7e3a2a3639	GET	/css/style.css	undefined
20240203	17:17:58	0e2c160b-7403-47d8-ad93-afac9d62d824	GET	/images/nex-init.png	undefined
20240203	17:17:58	942c7e00-1eff-47eb-8d91-7749fd7237e1	GET	/	undefined
20240203	17:17:58	34a2c797-e2df-4458-85eb-485a4fb86e0c	GET	/js/script.js	undefined
20240203	17:17:58	436ca58d-043b-45c5-b6dc-71ae727830b1	GET	/css/style.css	undefined
20240203	17:17:58	9ea8b6ce-28b6-41d9-9bc1-fc02706d18b9	GET	/images/nex-init.png	undefined
20240203	17:17:58	29a6d91d-660f-4c5f-9883-01ec899b9a0a	GET	/	undefined
20240203	17:17:58	5fa4162f-7a7a-460e-91bc-71747f12d313	GET	/js/script.js	undefined
20240203	17:17:58	76bd3bd2-c5c4-4951-8363-0328b1d6e67b	GET	/css/style.css	undefined
20240203	17:17:58	73272985-cdbd-4740-90e4-74b391128a98	GET	/images/nex-init.png	undefined
20240203	17:18:25	b3c4306d-481c-485f-82cf-b1366926d298	GET	/	undefined
20240203	17:18:25	2bf8f88d-a2a7-4b34-a928-2c9d6fd1953a	GET	/js/script.js	undefined
20240203	17:18:25	f3ee0d16-bf73-4e6d-8346-676da57f630e	GET	/css/style.css	undefined
20240203	17:18:25	3b9fed3e-b8e8-49d5-9337-c68a82e0744b	GET	/images/nex-init.png	undefined
20240203	17:18:25	5748c3ac-3423-46cb-a336-552480c52768	GET	/images/nex-init.png	undefined
20240203	17:18:42	d35de8fb-faa4-4382-a5e3-95f4adfc510a	GET	/	undefined
20240203	17:18:42	7c2764f3-5730-4494-b3d4-c827566b322a	GET	/js/script.js	undefined
20240203	17:18:42	58efc319-b7bf-4b9e-85e1-6a1552ed919b	GET	/css/style.css	undefined
20240203	17:18:42	684c05dc-1bdd-4c11-90d7-cf5e71a66b73	GET	/images/nex-init.png	undefined
20240203	17:18:42	d4913712-7a6d-4296-bb2b-4733bd57eb32	GET	/images/nex-init.png	undefined
20240203	17:18:59	3bbbd070-37f7-4fc6-adac-57b29acffcaa	GET	/	undefined
20240203	17:19:00	2ba8f381-046b-4c21-89bb-8d011671e3c3	GET	/js/script.js	undefined
20240203	17:19:00	8a5a651f-cd10-4397-84eb-534ea50fbfaa	GET	/css/style.css	undefined
20240203	17:19:00	d25cbf8c-397a-497d-9d1d-3caad3f89763	GET	/images/nex-init.png	undefined
20240203	17:19:00	7ce028d0-ba35-4bde-b3d8-e469593dc125	GET	/images/nex-init.png	undefined
20240203	17:19:28	2cc53ef9-ea89-44dd-8a59-849c18304184	GET	/	undefined
20240203	17:19:28	accc0b6c-8b87-4e5b-80e4-e5e9e7e65c7e	GET	/js/script.js	undefined
20240203	17:19:28	db217b81-bd65-4b4f-aeef-dd377ec51595	GET	/css/style.css	undefined
20240203	17:19:28	fb06fde6-df0a-4f46-ae46-09a22a6bfc27	GET	/images/nex-init.png	undefined
20240203	17:19:28	c5e0f6a0-7460-41fe-9600-a6eb82688aba	GET	/images/nex-init.png	undefined
20240203	17:19:43	a5ee24e1-5284-4b7f-b7cf-85b4ae77b577	GET	/	undefined
20240203	17:19:43	9e65df0c-dbb5-4b9d-8f9b-c7bbb40e1bf1	GET	/js/script.js	undefined
20240203	17:19:43	01281513-6c0f-4af1-89f8-8b0d6a5b936e	GET	/css/style.css	undefined
20240203	17:19:43	c0bd5408-814b-49cd-a3bc-b51274b77066	GET	/images/nex-init.png	undefined
20240203	17:19:43	b1c32e4d-6660-4d12-8ed5-28d53c55a521	GET	/images/nex-init.png	undefined
20240203	17:20:26	7cd0ce72-79fe-427a-b185-6ad9269c9685	GET	/	undefined
20240203	17:20:26	e37462c3-75a3-4238-afba-a855243b780b	GET	/js/script.js	undefined
20240203	17:20:26	9ff1f0c6-3301-4427-ac74-669abfd2958e	GET	/css/style.css	undefined
20240203	17:20:26	ad05d730-1096-4135-afd5-8ce322d3529c	GET	/images/nex-init.png	undefined
20240203	17:23:27	ed38b710-a352-4978-97b3-5fbc2b65a426	GET	/	undefined
20240203	17:23:27	7e3fdf90-8472-4ba3-bb3f-52940222a64f	GET	/js/script.js	undefined
20240203	17:23:27	13c83050-9b74-4810-8b4d-a5d2aef86033	GET	/css/style.css	undefined
20240203	17:23:28	4a51e277-ad53-4c88-b546-cadc82176e56	GET	/images/nex-init.png	undefined
20240203	17:23:29	a2fd5ac0-38d2-4b39-985e-aed28cf4a922	GET	/	undefined
20240203	17:23:29	ed4fcb3f-cb53-4415-be4e-524bb2a30be1	GET	/js/script.js	undefined
20240203	17:23:29	51fb4058-4aed-4371-94ba-936275702db8	GET	/css/style.css	undefined
20240203	17:23:29	6163fe2f-b244-4844-b259-1e0d75807f6a	GET	/images/nex-init.png	undefined
20240203	17:24:01	076c378e-b728-49b1-bd8a-a3cbc7f470b0	GET	/	undefined
20240203	17:24:01	5855742b-ac7d-41bf-b575-760a3a6f4a15	GET	/js/script.js	undefined
20240203	17:24:01	785ff6fe-a4a5-452b-8227-3c40dc0f9db4	GET	/css/style.css	undefined
20240203	17:24:01	89af602d-393c-4905-9b20-35689a6dfad5	GET	/images/nex-init.png	undefined
20240203	17:24:14	0f417839-56e8-4ea0-bdd2-3f9a09e44c15	GET	/images/nex-init.png	undefined
20240203	17:24:14	3ed58f40-a5c8-4b46-a83c-cec0161e2096	GET	/favicon.ico	undefined
20240203	17:24:20	4519227a-3c1a-46d0-9c6b-f56f629e1222	GET	/images/nex-init.png	undefined
20240203	17:38:50	5d5aae7d-d92f-450e-b269-948636e758a8	GET	/	undefined
20240203	17:38:50	fc100bc6-7199-4713-80c0-37fe7dd66784	GET	/js/script.js	undefined
20240203	17:38:50	aca9c5c4-bc13-47ba-a5de-dccccd46aa5b	GET	/css/style.css	undefined
20240203	17:38:50	6b1f8cd3-c7b6-4dc5-8030-a97857ef4157	GET	/images/nex-init.png	undefined
20240203	17:38:50	a15f942f-bf24-41bf-93f3-357ba8cb75c2	GET	/images/nex-init.png	undefined
20240203	17:39:51	ff9ff556-f907-4982-8a15-4be92f5c7ea9	GET	/	undefined
20240203	17:39:51	d2b8d3bd-688a-4a38-9d0b-297643b79bad	GET	/js/script.js	undefined
20240203	17:39:51	dd54bcd6-f2fa-418e-acdd-3903e97493de	GET	/css/style.css	undefined
20240203	17:39:52	41bfe1f8-1a95-40f0-8449-96033c3a0f45	GET	/images/nex-init.png	undefined
20240203	17:39:52	fb529bb5-2eae-4468-8dfe-5f906bb246d9	GET	/images/nex-init.png	undefined
20240203	17:41:44	542cd457-d9ef-4095-bb3e-5b411210eb65	GET	/	undefined
20240203	17:41:44	461936ec-eaa6-4e83-94ec-f29f2d13e591	GET	/js/script.js	undefined
20240203	17:41:44	d957ff67-adc6-48b1-915a-5bf2cc002b80	GET	/css/style.css	undefined
20240203	17:41:44	79768da5-500b-4e0d-94bc-377d2cc89e4b	GET	/images/nex-init.png	undefined
20240203	17:41:44	b30b4513-5210-43d4-b4b1-dc3338075994	GET	/images/nex-init.png	undefined
20240203	17:42:04	78477216-f97a-40c9-9ec9-4414c8ee2ee3	GET	/	undefined
20240203	17:42:04	cd96bf87-86fa-4d19-8fe2-f6608868bdbf	GET	/js/script.js	undefined
20240203	17:42:04	e518073d-ef8e-4dec-8f88-98b0f6004c1e	GET	/css/style.css	undefined
20240203	17:42:04	8d697079-3161-4f26-a572-f88dab83814e	GET	/images/nex-init.png	undefined
20240203	17:42:04	882b1f8f-e726-4fa3-9e7a-b763de7777ea	GET	/images/nex-init.png	undefined
20240203	17:42:16	ce765b47-fc74-478e-b286-b69fb0cd4fcf	GET	/	undefined
20240203	17:42:16	b255ae97-9cf8-4e9a-8505-deb77498951d	GET	/js/script.js	undefined
20240203	17:42:16	f41af6c4-26a7-458d-8a5a-21cfde894934	GET	/css/style.css	undefined
20240203	17:42:16	daf1be70-2fef-495c-a986-e3118f54a473	GET	/images/nex-init.png	undefined
20240203	17:42:16	143fe87a-b657-44da-96d3-16e192a345ee	GET	/images/nex-init.png	undefined
20240203	18:00:29	5f5f3e9c-a573-403e-9239-ef0110394b56	GET	/	undefined
20240203	18:00:29	d02fe523-6266-4cc6-842d-995cf26ed80a	GET	/js/script.js	undefined
20240203	18:00:29	a4f6996a-4e0e-4990-afde-6ac62ab8f0de	GET	/css/style.css	undefined
20240203	18:00:29	2a2926f1-efd1-4d3f-bc83-0757679cb29e	GET	/images/nex-init.png	undefined
20240203	18:00:29	161693f9-cfcf-4438-bfbf-0431c3b99ffc	GET	/images/nex-init.png	undefined
20240203	18:00:37	2d5b1b7b-587d-4127-af86-8eb2a53f52f2	GET	/	undefined
20240203	18:00:37	2e1fe494-921f-4223-b2a6-bff0f1900ed0	GET	/js/script.js	undefined
20240203	18:00:37	90e086ad-d8d1-4d4d-9703-20263745f70b	GET	/css/style.css	undefined
20240203	18:00:37	fbd8f34c-5a6b-4d28-bc88-e676afd8e2b5	GET	/images/nex-init.png	undefined
20240203	18:00:50	a5f6b02d-210c-49cc-9954-63b33b1749ac	GET	/	undefined
20240203	18:00:50	d1c46602-c842-4f94-b7e7-5bdc50435f34	GET	/js/script.js	undefined
20240203	18:00:50	fe492b6c-5aa1-47c5-9126-053cdc56b444	GET	/css/style.css	undefined
20240203	18:00:50	d70c8b1b-7b6f-4a62-801c-7384eb85e601	GET	/images/nex-init.png	undefined
20240203	18:00:50	0ca983a4-f04e-43be-92b1-d63fb289e436	GET	/images/nex-init.png	undefined
20240203	18:45:02	f835cd1f-098c-4204-bdfe-d903f7761241	GET	/	undefined
20240203	18:45:02	00c48b9c-3a4c-4159-8e23-5238e49ff3fa	GET	/js/script.js	undefined
20240203	18:45:02	04074860-efcf-4514-9e26-a2ad7ea180ac	GET	/css/style.css	undefined
20240203	18:45:02	185f7d7d-3b1f-4c1c-a1f0-4aabdc0365ab	GET	/images/nex-init.png	undefined
20240203	18:45:02	2a21990f-452e-483f-89a2-6c7551c1d7a3	GET	/images/nex-init.png	undefined
20240203	18:45:22	963305ba-bd54-457b-b22e-5044f349bd11	GET	/css/style.css	undefined
20240203	18:46:30	3473e097-2e1c-4294-b84b-1116a08db2e4	GET	/	undefined
20240203	18:46:30	575d0d5b-ed47-4c33-b877-41d9dbd43bd8	GET	/js/script.js	undefined
20240203	18:46:30	21cb97a5-eaf5-4d42-a9d7-b4db2afc0c8d	GET	/css/style.css	undefined
20240203	18:46:30	f491b232-0e82-4a41-b99d-d22eadd1a0d6	GET	/images/nex-init.png	undefined
20240203	18:46:30	149c14a4-f3c1-4c82-8c48-4e9b4b172c54	GET	/images/nex-init.png	undefined
20240203	18:46:48	8b04bd02-8ac7-48c3-ad20-e034a745dc24	GET	/	undefined
20240203	18:46:48	3189aca0-fca9-45f5-967d-ce231f0ffd02	GET	/js/script.js	undefined
20240203	18:46:48	7b06af19-14ee-41e9-ab84-d23da16a7bbf	GET	/css/style.css	undefined
20240203	18:46:48	b60a4e22-5a56-488f-86c2-a8648e91ca09	GET	/images/nex-init.png	undefined
20240203	18:46:48	41238953-3d05-4bd0-ad0b-d1f9d933b093	GET	/images/nex-init.png	undefined
20240203	18:46:58	cb46c62e-85cc-4f4e-9909-739c0f8e4d88	GET	/	undefined
20240203	18:46:58	7491c403-aa04-431b-aca0-968668d256b3	GET	/js/script.js	undefined
20240203	18:46:58	19facb44-c9a4-429d-bc8e-876c6c4f116e	GET	/css/style.css	undefined
20240203	18:46:58	f145d9c7-8e65-490c-b59f-b99dba6217df	GET	/images/nex-init.png	undefined
20240203	18:46:58	3e8a5e1b-ff93-4275-a62b-b02c3d722fca	GET	/images/nex-init.png	undefined
20240203	18:47:05	bea84a9c-d6c5-458a-ba2d-413aee80d2c5	GET	/	undefined
20240203	18:47:05	19441859-d2d9-473a-85e6-cae63fa5be8f	GET	/js/script.js	undefined
20240203	18:47:05	64ff2429-cf02-47e4-ad91-904beff4152c	GET	/css/style.css	undefined
20240203	18:47:05	cce84254-0b66-4a79-8961-94d30223ce7f	GET	/images/nex-init.png	undefined
20240203	18:47:05	5c8cd3f4-8f98-4eb1-9563-9e53f89ce539	GET	/images/nex-init.png	undefined
20240203	18:47:24	e35e1990-6b20-47a8-b0a5-9a951e513af6	GET	/	undefined
20240203	18:47:24	a515bba9-e2e2-42d0-9b03-03a55bf314f3	GET	/js/script.js	undefined
20240203	18:47:24	6d8b5088-1fa4-44ce-b8f6-8649e1dc8718	GET	/css/style.css	undefined
20240203	18:47:24	3f6b4896-6102-4c3e-8224-65f19c8cf0c9	GET	/images/nex-init.png	undefined
20240203	18:47:24	de86aad8-7de5-4a49-b13a-3e12075a1147	GET	/images/nex-init.png	undefined
20240203	18:47:48	57ef0e52-fb42-4836-a64d-15c58ab863d4	GET	/	undefined
20240203	18:47:48	7f299105-a049-45a3-a72b-7fe8555590ab	GET	/js/script.js	undefined
20240203	18:47:48	cf3e5fc6-3b34-49ea-96c3-73de9fdd3901	GET	/css/style.css	undefined
20240203	18:47:48	c6a98cbf-49ad-4cd7-9d62-7ebadb54fa37	GET	/images/nex-init.png	undefined
20240203	18:47:48	220e59af-219f-44b3-adcf-fe4542e7b40b	GET	/images/nex-init.png	undefined
20240203	18:48:23	6b725968-997f-4ef6-bf90-64e5168d775b	GET	/	undefined
20240203	18:48:23	78f57610-e1e9-4d21-9b06-ec64c0347d33	GET	/js/script.js	undefined
20240203	18:48:23	3a2f26b4-4e65-4c29-a650-14241bca48a0	GET	/css/style.css	undefined
20240203	18:48:23	522a37d7-4494-4c65-8b8b-ea17fff9e7d7	GET	/images/nex-init.png	undefined
20240203	18:48:23	93fd6ec4-354a-4db0-b2e8-0661725c1479	GET	/images/nex-init.png	undefined
20240203	18:48:36	ce038ad5-c736-4eb6-a8ac-de90914ed13d	GET	/	undefined
20240203	18:48:36	f9ca4453-ca49-4aa6-9027-88c12d9e8730	GET	/js/script.js	undefined
20240203	18:48:36	c58d6a68-63ab-4c4d-a81b-3cb7b45fe025	GET	/css/style.css	undefined
20240203	18:48:36	d5bc120d-8076-4be1-a65a-cdd8a38bcaf2	GET	/images/nex-init.png	undefined
20240203	18:48:36	26d8bdae-a88e-4873-a70e-4b3d9c4d5399	GET	/images/nex-init.png	undefined
20240203	18:50:36	21504c15-969a-466e-9026-7be1532bd697	GET	/	undefined
20240203	18:50:36	ac252bfa-df33-4336-9315-4c7ad22e8d52	GET	/js/script.js	undefined
20240203	18:50:36	d1f2a012-b1f0-4847-8b0a-d33a3d569279	GET	/css/style.css	undefined
20240203	18:50:36	280ec7e3-0e4f-4b0f-8409-dfa4b80e911b	GET	/images/nex-init.png	undefined
20240203	18:50:36	7699045d-ca89-48da-92f5-77816bfc4812	GET	/images/nex-init.png	undefined
20240203	18:50:47	50a2f01a-a5b0-436f-873b-2a2243ef721c	GET	/	undefined
20240203	18:50:47	b92e2422-8593-4648-aa0c-86b166ee178d	GET	/js/script.js	undefined
20240203	18:50:47	a9924c69-3b87-4792-86df-411c43f7bcbe	GET	/css/style.css	undefined
20240203	18:50:47	6b5fe2e5-8d42-400e-83d6-0464c70d1498	GET	/images/nex-init.png	undefined
20240203	18:50:47	3f383e26-3e28-48c9-b180-7caeda62bb7e	GET	/images/nex-init.png	undefined
20240203	18:50:59	25ed5e83-0532-45b4-afd7-5e2fb2ecc4af	GET	/	undefined
20240203	18:50:59	163b10b1-e079-4708-936c-38b2f0aa4393	GET	/js/script.js	undefined
20240203	18:50:59	9ee32908-3af2-4628-af5b-34f373b0fd3c	GET	/css/style.css	undefined
20240203	18:50:59	55fb4581-a50e-48f9-b9b5-ecbcbf341ef6	GET	/images/nex-init.png	undefined
20240203	18:50:59	f844312b-8016-4eca-bd02-fb6d3b749f82	GET	/images/nex-init.png	undefined
20240203	18:51:07	2a5dccb6-7d41-4cd5-80c3-5ae779bf2939	GET	/	undefined
20240203	18:51:08	23f1d2c6-ced3-42ec-a396-bc9dda1f812e	GET	/js/script.js	undefined
20240203	18:51:08	e6bd29f1-5fc6-45d0-b9c3-2048f28e1ebf	GET	/css/style.css	undefined
20240203	18:51:08	979cb3e9-ff7d-464f-b4c3-cd1a3e0317cd	GET	/images/nex-init.png	undefined
20240203	18:51:08	d5b2cd3f-b2da-4e8a-a73f-3a159e4ef8db	GET	/images/nex-init.png	undefined
20240203	18:51:18	20231c24-654b-4d05-b434-ffed44b6f34f	GET	/	undefined
20240203	18:51:18	fbf143ef-390c-462b-9570-50fa34a37f2b	GET	/js/script.js	undefined
20240203	18:51:18	c9a185c6-b42c-45fa-9642-c3d252eb20aa	GET	/css/style.css	undefined
20240203	18:51:18	c51af8ef-48bd-4863-820e-df86d0a7f571	GET	/images/nex-init.png	undefined
20240203	18:51:18	af4c0d57-9c2b-4bc1-be17-fc7ea54a000b	GET	/images/nex-init.png	undefined
20240203	18:51:26	9e77941f-ba1f-4e9a-86c6-4aee960a4831	GET	/	undefined
20240203	18:51:26	023164fa-5da6-4352-922e-f6075e7c1e59	GET	/js/script.js	undefined
20240203	18:51:26	cda82b7f-eac3-4967-9b33-9b83300ae65c	GET	/css/style.css	undefined
20240203	18:51:26	35fb29a6-e70c-41f8-adfc-78f80020437f	GET	/images/nex-init.png	undefined
20240203	18:51:26	63c55855-c7e9-4438-b7ed-3f04f3b09ad4	GET	/images/nex-init.png	undefined
20240203	18:51:35	3f229281-b457-4c33-95a8-02bfa31523f6	GET	/	undefined
20240203	18:51:35	a4f033db-6b8c-41ff-8841-bec4762d04a7	GET	/images/nex-init.png	undefined
20240203	18:51:35	4ddb45a5-331b-4016-ab16-7395bae14a84	GET	/images/nex-init.png	undefined
20240203	18:51:35	85f09eb8-d71a-4686-96ab-e3cee6b01671	GET	/css/style.css	undefined
20240203	18:51:35	5589754d-ed4a-4d2d-b244-972734767ad4	GET	/js/script.js	undefined
20240203	18:51:47	5a2ac111-27b0-485b-8de2-098fb022b1cd	GET	/	undefined
20240203	18:51:47	1fa177c5-445e-4c95-bee8-63af623981fb	GET	/images/nex-init.png	undefined
20240203	18:51:47	a0866106-1e88-4cc5-a42e-e2f2a03b7103	GET	/css/style.css	undefined
20240203	18:51:47	d3a69b57-59dd-4303-9938-89a10e60ddb1	GET	/images/nex-init.png	undefined
20240203	18:51:47	11082ffe-f73f-49fa-8092-4dd5ad8f9465	GET	/js/script.js	undefined
20240203	18:51:57	8c02cbef-e782-4893-a1b4-0e0aba1e47e4	GET	/	undefined
20240203	18:51:57	a8a01780-d090-4278-b6fc-fce6f7f7e442	GET	/images/nex-init.png	undefined
20240203	18:51:57	dfa823d8-f299-4c3a-b36d-8af8abec5a8b	GET	/js/script.js	undefined
20240203	18:51:57	2f7f51a3-aead-49dd-823d-4190869c3555	GET	/images/nex-init.png	undefined
20240203	18:51:57	dec0ae26-6f6a-4815-8d8d-e37656b4ade5	GET	/css/style.css	undefined
20240203	18:52:06	baaac45a-253a-4f8c-b4e8-09c29636fddf	GET	/css/style.css	undefined
20240203	18:52:27	588ceae5-162e-4230-9c5b-7d19bbe068fd	GET	/	undefined
20240203	18:52:27	4461cb39-ea7e-431a-ae32-420f91d33610	GET	/images/nex-init.png	undefined
20240203	18:52:27	ab2ca8b3-2b14-4631-8317-cf85076543d4	GET	/images/nex-init.png	undefined
20240203	18:52:27	89f0f797-07c5-47e7-9d8f-9f8791e04137	GET	/js/script.js	undefined
20240203	18:52:27	8d8f7ade-2e93-410a-ac26-3700d98b4544	GET	/css/style.css	undefined
20240203	18:52:34	46f430e9-b3c0-400f-b89e-5d56473a0f54	GET	/	undefined
20240203	18:52:34	24433051-7357-4f01-b6f1-4825a6eabc8d	GET	/images/nex-init.png	undefined
20240203	18:52:34	99815dbb-ae9e-4951-879c-3234d11f5e88	GET	/images/nex-init.png	undefined
20240203	18:52:34	8c005db3-614d-4423-b2c8-fc8f38750f4c	GET	/css/style.css	undefined
20240203	18:52:34	42593b0d-0176-49c6-916e-49fbd4a4b4de	GET	/js/script.js	undefined
20240203	18:54:18	cb2fbf4d-b063-4780-8611-711adb8e7e5a	GET	/css/style.css	undefined
20240203	18:55:02	2240835b-0702-40f6-8ef8-7e549df4a348	GET	/	undefined
20240203	18:55:02	dfdd6013-2709-4bf1-b4e2-d921d313b6ac	GET	/js/script.js	undefined
20240203	18:55:02	3f1e190f-fd0c-4930-a18c-ac17b8112a5d	GET	/css/style.css	undefined
20240203	18:55:02	3507fdab-aea3-4c59-96bc-02cce55eaaab	GET	/images/nex-init.png	undefined
20240203	18:55:02	c475a2a1-b603-47c9-9d35-9514a0955fdc	GET	/images/nex-init.png	undefined
20240203	18:56:40	5b0e55e4-9d16-4f05-b225-2b51c2fdec7b	GET	/	undefined
20240203	18:56:40	914c2e20-994b-47b5-889f-02c6757171bd	GET	/js/script.js	undefined
20240203	18:56:40	762668ad-2a29-41b9-9f12-9c25e13054a2	GET	/css/style.css	undefined
20240203	18:56:40	b7e8e907-9821-47c5-8857-8447f21a7fcf	GET	/images/nex-init.png	undefined
20240203	18:56:40	82ec9f16-19ec-4b66-b5b1-ee38e073f250	GET	/images/nex-init.png	undefined
20240203	18:58:08	658c73d7-a197-441f-99e5-767481469f22	GET	/	undefined
20240203	18:58:08	f5f1405b-2e99-430b-8f72-7a90dc1d89fb	GET	/js/script.js	undefined
20240203	18:58:08	0cb51dd7-f19b-4bbd-98ab-dab8bfd2841e	GET	/css/style.css	undefined
20240203	18:58:08	f460f7e7-e750-4477-bd19-b7d052db0e8f	GET	/images/nex-init.png	undefined
20240203	18:58:08	94c08894-80e8-4555-8cfc-5486b7dad05b	GET	/images/nex-init.png	undefined
20240203	18:58:18	befc7fc6-b74b-4873-8495-c9fefc0e2bee	GET	/	undefined
20240203	18:58:18	d5cc1f3e-9ee2-42ec-b619-dfb727ee8fcd	GET	/js/script.js	undefined
20240203	18:58:18	72d3d782-d6dc-41ac-8669-18bd254e7c07	GET	/css/style.css	undefined
20240203	18:58:18	4dc8e247-58ec-46c9-8669-3d52464d4e60	GET	/images/nex-init.png	undefined
20240203	18:58:18	4105f1ad-bebf-4bbd-b8f9-5a49660d56c7	GET	/images/nex-init.png	undefined
20240203	18:58:40	54b94047-3337-4b1e-bb17-b9577a10d488	GET	/	undefined
20240203	18:58:40	3929ad7e-0961-4ae2-9fc3-2870f5e4de78	GET	/images/nex-init.png	undefined
20240203	18:58:40	eeee4305-5116-44e4-bc72-e534e950f21e	GET	/images/nex-init.png	undefined
20240203	18:58:40	d519715e-349b-4bdb-ac76-784742417390	GET	/css/style.css	undefined
20240203	18:58:40	c29c5074-4841-4cb5-aaba-9d440f56f34c	GET	/js/script.js	undefined
20240203	18:59:33	d5a38073-e196-48e8-92bd-1d266bf2480f	GET	/	undefined
20240203	18:59:33	d0fa8c53-e67f-4efb-bfcc-6a952d7f60e9	GET	/js/script.js	undefined
20240203	18:59:33	f6c07e6a-1855-4da3-8f11-664caf63bb21	GET	/css/style.css	undefined
20240203	18:59:33	f4bbd928-de32-4d1d-824e-bfef1aa6b3d2	GET	/images/nex-init.png	undefined
20240203	18:59:33	bf9fd869-cb3d-4155-aa58-b52482d582c5	GET	/images/nex-init.png	undefined
20240203	18:59:57	d8c7f180-f4af-4a36-a635-a0593b593555	GET	/	undefined
20240203	18:59:57	26e37dcd-6bb8-44a5-a06a-f5b422227aad	GET	/js/script.js	undefined
20240203	18:59:57	efeeae8c-6e4b-4507-a18e-4fdf1896af63	GET	/css/style.css	undefined
20240203	18:59:57	7eb65849-b9d1-4cd8-bd99-76a565f1e2ac	GET	/images/nex-init.png	undefined
20240203	18:59:57	1f1b8a5f-c69b-4896-8103-e0345818fc1a	GET	/images/nex-init.png	undefined
20240203	19:00:15	5accef4b-72a3-4665-9b2c-94edd2d679cf	GET	/	undefined
20240203	19:00:15	5b078253-d03c-43c3-aaf2-7c41477ac894	GET	/js/script.js	undefined
20240203	19:00:15	bccff426-1f79-452d-8d17-0b23912babf7	GET	/css/style.css	undefined
20240203	19:00:15	14d73b0f-4ac3-4375-8256-f21e9d532b67	GET	/images/nex-init.png	undefined
20240203	19:00:15	936ed19d-41bf-46f2-a54c-7f2a5249c524	GET	/images/nex-init.png	undefined
20240203	19:00:41	f6fc7702-e70a-4948-b1f4-a639c75d221a	GET	/	undefined
20240203	19:00:41	47189ae8-2f5f-42fc-8492-b382f285854c	GET	/js/script.js	undefined
20240203	19:00:41	4a294cc1-0db7-4964-abed-7968b43abfc2	GET	/css/style.css	undefined
20240203	19:00:41	1723e7c5-58aa-44e1-9a4d-7d6b73717016	GET	/images/nex-init.png	undefined
20240203	19:00:41	4b0d83a1-7a08-4885-883f-999f796da48c	GET	/images/nex-init.png	undefined
20240203	19:02:31	f4330df2-0f08-4060-ae02-c100d7f82d18	GET	/	undefined
20240203	19:02:31	5f8c1dd5-1d60-4e3e-92f8-036805a065b6	GET	/js/script.js	undefined
20240203	19:02:31	ecd04a95-d4a2-445d-84d4-c37ef61a46c7	GET	/css/style.css	undefined
20240203	19:02:31	e9a0a2ae-ae26-435c-bc7e-fbca0f07038a	GET	/images/nex-init.png	undefined
20240203	19:02:32	ec1f835f-e6e9-4321-a958-b8f5cb8e3706	GET	/images/nex-init.png	undefined
20240203	19:03:46	7f55b128-dca5-4ccb-b5e8-af3b01eb9a0b	GET	/	undefined
20240203	19:03:46	76b3ae07-0f3c-42b2-ac38-ebcf596e6f75	GET	/js/script.js	undefined
20240203	19:03:46	064c1ac8-8c7d-4178-87b7-800f0958731c	GET	/css/style.css	undefined
20240203	19:03:47	b0281b86-76f1-4313-bd20-570014f176d7	GET	/images/nex-init.png	undefined
20240203	19:03:47	104afe95-b45d-451d-8bce-b01861133a27	GET	/images/nex-init.png	undefined
20240203	19:05:07	b384939a-38be-411c-80e4-4d7ddd19468d	GET	/	undefined
20240203	19:05:07	817e199c-de3c-4d10-8013-fb6b81d208d2	GET	/js/script.js	undefined
20240203	19:05:07	3db925ef-3349-4c9f-a470-db7254868601	GET	/css/style.css	undefined
20240203	19:05:07	2f02f9ad-4f29-4f3a-8364-c05524e2d561	GET	/images/nex-init.png	undefined
20240203	19:05:07	e01b2005-b75c-4d75-8cdf-d8bfb7220992	GET	/images/nex-init.png	undefined
20240203	19:05:20	71db1555-340d-4639-bae5-e2d3288d2984	GET	/	undefined
20240203	19:05:20	a1aca479-d60f-4e81-bc96-9120ee39538f	GET	/js/script.js	undefined
20240203	19:05:20	f7324d73-f5c3-4be1-8cc6-4c4568df7f3f	GET	/css/style.css	undefined
20240203	19:05:20	5a872378-c739-48be-98da-f57d312a1714	GET	/images/nex-init.png	undefined
20240203	19:05:20	ae6f1149-9cf8-47c5-8ced-fa81727376d8	GET	/images/nex-init.png	undefined
20240203	19:05:35	6ad53906-2676-47fc-a0e2-059a390f51f3	GET	/	undefined
20240203	19:05:35	47d90305-6da7-4d27-9d51-dedda024b151	GET	/js/script.js	undefined
20240203	19:05:35	b26909d2-e250-460f-9d98-f51bde07dff0	GET	/css/style.css	undefined
20240203	19:05:35	88ac542f-2ae0-4a28-bfce-5a3c0c0b03f8	GET	/images/nex-init.png	undefined
20240203	19:05:35	2d1d495e-56b6-49f2-8e17-7718398f3f10	GET	/images/nex-init.png	undefined
20240203	19:05:41	0571c4ab-cefc-40bd-a519-3228cc416e3e	GET	/	undefined
20240203	19:05:41	3176adfd-1862-4d7b-8e3f-1bc816af9e71	GET	/js/script.js	undefined
20240203	19:05:41	9f715f1a-2316-422a-8fdd-cd0ed064fcc8	GET	/css/style.css	undefined
20240203	19:05:41	23e91efc-ae78-4687-b3a4-e895d9f31995	GET	/images/nex-init.png	undefined
20240203	19:05:41	5d6ac631-c4e5-4180-9980-57bfacb21821	GET	/images/nex-init.png	undefined
20240203	19:05:50	408a69de-7169-48c8-a698-106181a72087	GET	/	undefined
20240203	19:05:50	73a9df21-bba3-46b0-877f-abfd2e5930b8	GET	/js/script.js	undefined
20240203	19:05:50	6ff17b98-129e-4228-84c3-468b9e678642	GET	/css/style.css	undefined
20240203	19:05:50	55e0909d-a234-428a-a3ee-e9464ef1fb0e	GET	/images/nex-init.png	undefined
20240203	19:05:50	6c7c9a35-d66d-42e5-90dd-c1c40fadce26	GET	/images/nex-init.png	undefined
20240203	19:06:42	132f6b11-42be-4cc6-bbf0-b62af4b43249	GET	/	undefined
20240203	19:06:42	04f9386f-9eab-4bf9-9303-4cc4bba0fb84	GET	/js/script.js	undefined
20240203	19:06:42	43d194fa-af87-44fa-84ef-17127020a0b5	GET	/css/style.css	undefined
20240203	19:06:42	b5deaa13-87fe-43d8-a1e3-b1937d84ec26	GET	/images/nex-init.png	undefined
20240203	19:06:42	8a1c9e49-fe48-40a3-8552-f1b9e9fd12fa	GET	/images/nex-init.png	undefined
20240203	19:07:02	cb2bec6c-a376-424e-b50c-d582bd112819	GET	/	undefined
20240203	19:07:02	4044e9bd-704d-47c9-8637-a25c03eb79fd	GET	/js/script.js	undefined
20240203	19:07:02	7dbbea3e-c9f8-4264-b85a-67d66a9c794d	GET	/css/style.css	undefined
20240203	19:07:02	4068d16f-bbe2-484d-9001-ac4518079867	GET	/images/nex-init.png	undefined
20240203	19:07:02	4db32fa9-23db-4862-bccd-71080fae9439	GET	/images/nex-init.png	undefined
20240203	19:07:16	828dba72-52b8-4988-bca8-dce0928d738a	GET	/	undefined
20240203	19:07:16	42a24dcc-9241-4603-b77c-03b04eed3c7a	GET	/js/script.js	undefined
20240203	19:07:16	ef76ee92-1275-4e84-b446-c63c8d446847	GET	/css/style.css	undefined
20240203	19:07:16	228a123a-c9d9-4391-8ba6-449bd02fedb6	GET	/images/nex-init.png	undefined
20240203	19:07:16	21586c60-0650-4704-b86b-468bcb738014	GET	/images/nex-init.png	undefined
20240203	19:07:24	a8b6c138-3891-49f4-b536-718730e9d263	GET	/	undefined
20240203	19:07:24	78785494-d6b4-47b2-a57c-b624ff1d925c	GET	/js/script.js	undefined
20240203	19:07:24	7f4e4d32-8fbe-4b00-bfd3-89c121ac2847	GET	/css/style.css	undefined
20240203	19:07:24	4a32b2ef-c606-4e98-8472-a25ed4b2ea50	GET	/images/nex-init.png	undefined
20240203	19:07:41	08ee4b9b-9304-4802-ba41-0e9ce550dcce	GET	/	undefined
20240203	19:07:41	8b79ada3-fcaa-4c30-a967-551cd34c1764	GET	/js/script.js	undefined
20240203	19:07:41	dc5b17cf-1ab0-49ef-9cf3-e05509de9f23	GET	/css/style.css	undefined
20240203	19:07:41	11fd10d4-2909-43ed-9023-2731567d71c6	GET	/images/nex-init.png	undefined
20240203	19:07:49	26c11ff5-5798-43b9-bc32-cdc34434d352	GET	/	undefined
20240203	19:07:49	84fbe089-aa53-456c-a78c-8e55157c1841	GET	/js/script.js	undefined
20240203	19:07:49	cb16ddff-8bb9-409f-a037-b602215eb3c9	GET	/css/style.css	undefined
20240203	19:07:49	610c8408-ddca-463c-aa2d-7b25c049d81e	GET	/images/nex-init.png	undefined
20240203	19:08:08	3c6b4c97-b305-4f8c-8824-0e36fd2ca64e	GET	/	undefined
20240203	19:08:09	902c2d4e-bbd9-4da2-a6cc-24845c56ccb4	GET	/css/style.css	undefined
20240203	19:08:09	852d0e37-c459-4427-8e64-6a38581c5962	GET	/js/script.js	undefined
20240203	19:08:09	98ba1594-3b71-4d13-9678-8ac2b8d3f00f	GET	/images/nex-init.png	undefined
20240203	19:08:09	fc505498-c06b-41dc-8382-55ff987f842c	GET	/images/nex-init.png	undefined
20240203	19:08:23	004bdde1-ab79-4fe1-b8dc-52c7b140ec07	GET	/	undefined
20240203	19:08:23	bb3cde66-17dd-4c72-88ed-5671b9f7490b	GET	/js/script.js	undefined
20240203	19:08:23	aafe4cda-7568-40af-9c5a-e8e606232434	GET	/css/style.css	undefined
20240203	19:08:23	2a7d00c8-7fa2-4a51-9623-cd59ec9e97b8	GET	/images/nex-init.png	undefined
20240203	19:08:23	ac0e31f5-bc5e-4cd1-a0fd-be3756a8b213	GET	/images/nex-init.png	undefined
20240203	19:08:32	ef698fe1-93c0-4ac6-808e-d9b10c5ef420	GET	/	undefined
20240203	19:08:33	a3d59138-7e56-49a5-88ba-486ce24f9660	GET	/js/script.js	undefined
20240203	19:08:33	7cff9483-af55-4d8c-81ea-26ac5c19795f	GET	/css/style.css	undefined
20240203	19:08:33	fbe60ac5-a94c-4f48-8974-c46d4c1ebfbd	GET	/images/nex-init.png	undefined
20240203	19:08:43	a015c5f9-af5d-49b4-8b99-7e73747d86e8	GET	/	undefined
20240203	19:08:43	631f5dbe-1d93-4d78-b4a8-60ccc7fd3dbb	GET	/js/script.js	undefined
20240203	19:08:43	3b53f4f9-ad98-4e18-89d0-578e51010f7b	GET	/css/style.css	undefined
20240203	19:08:43	c1795a5d-98d0-4747-a0d8-6fa3f7df2233	GET	/images/nex-init.png	undefined
20240203	19:08:43	8ea77746-e024-4322-bf70-1e23eb140b4b	GET	/images/nex-init.png	undefined
20240203	19:08:57	212e4efe-6a2f-467c-9102-69f51e5d7017	GET	/	undefined
20240203	19:08:57	4cda810f-c881-40b3-bb14-0660fabb2297	GET	/js/script.js	undefined
20240203	19:08:57	61a2c049-3e1e-4c65-a2b7-7fae64bdb593	GET	/css/style.css	undefined
20240203	19:08:57	5ea88316-39f5-46ae-8d58-1ebb37c243ec	GET	/images/nex-init.png	undefined
20240203	19:08:57	927f9f3b-550a-4511-86af-f50923371d26	GET	/images/nex-init.png	undefined
20240203	19:09:05	6d5e5ece-b3c4-4b0d-a176-388c6c133815	GET	/	undefined
20240203	19:09:05	f8f70318-e350-4ad4-b37e-34598e2a5fa3	GET	/js/script.js	undefined
20240203	19:09:05	6ce9f855-dbd2-4114-b746-1ef13dc0d887	GET	/css/style.css	undefined
20240203	19:09:05	5f07714e-aa07-4841-a60c-62e06711a279	GET	/images/nex-init.png	undefined
20240203	19:09:06	7f1ee94b-2eab-44bf-8004-a336d879c2d7	GET	/images/nex-init.png	undefined
20240203	19:09:26	5b1603cb-fc01-4fd9-a62d-05e57414c99c	GET	/	undefined
20240203	19:09:26	f9b75ee6-c237-4e96-a20b-74228d788dbc	GET	/js/script.js	undefined
20240203	19:09:26	a357ade4-223c-4f5f-a4c9-64e3c69988b0	GET	/css/style.css	undefined
20240203	19:09:26	b95b701e-95e8-46c2-81d6-c350ab90e8e4	GET	/images/nex-init.png	undefined
20240203	19:09:26	b3be60fd-a1fc-4cf7-b44a-d0f14df53316	GET	/images/nex-init.png	undefined
20240203	19:09:35	6f29d3d4-b575-4fdc-a92c-3722741691ed	GET	/	undefined
20240203	19:09:35	117c4969-d33a-4d2a-8a27-744c7435959e	GET	/js/script.js	undefined
20240203	19:09:35	1b91e19a-a5a7-4e50-a893-9f6c4e6a40e8	GET	/css/style.css	undefined
20240203	19:09:35	1d57048e-deb1-4e3f-9e48-5327f23073f7	GET	/images/nex-init.png	undefined
20240203	19:09:35	a7fac3ff-c263-459e-b6bc-bf9738b1b4b1	GET	/images/nex-init.png	undefined
20240203	19:09:43	131c5c07-63b6-4146-855f-ff137fbef557	GET	/	undefined
20240203	19:09:43	b4d36e0f-af25-4eee-8bec-66d0f8284383	GET	/js/script.js	undefined
20240203	19:09:43	495d1ff3-d224-4327-9f21-02889de0c53e	GET	/css/style.css	undefined
20240203	19:09:43	e0939eee-97e2-4e2c-997f-6b381685aa58	GET	/images/nex-init.png	undefined
20240203	19:09:43	58a81f51-b5ec-4b4f-93f1-6ff443132297	GET	/images/nex-init.png	undefined
